<?xml version="1.0" encoding="UTF-8"?>
<!-- Generated by org.testng.reporters.JUnitReportReporter -->
<testsuite hostname="DESKTOP-7GCNJAG" failures="0" tests="1" name="com.DemoGuru.TestCases.ManagerLoginTest" time="6.320" errors="0" timestamp="2021-06-08T11:34:11 IST" skipped="0">
  <testcase classname="com.DemoGuru.TestCases.ManagerLoginTest" name="LoginPageTest" time="6.320"/>
  <system-out/>
</testsuite> <!-- com.DemoGuru.TestCases.ManagerLoginTest -->
